#
# There is insufficient memory for the Java Runtime Environment to continue.
# Native memory allocation (mmap) failed to map 536870912 bytes for G1 virtual space
# Possible reasons:
#   The system is out of physical RAM or swap space
#   The process is running with CompressedOops enabled, and the Java Heap may be blocking the growth of the native heap
# Possible solutions:
#   Reduce memory load on the system
#   Increase physical memory or swap space
#   Check if swap backing store is full
#   Decrease Java heap size (-Xmx/-Xms)
#   Decrease number of Java threads
#   Decrease Java thread stack sizes (-Xss)
#   Set larger code cache with -XX:ReservedCodeCacheSize=
#   JVM is running with Zero Based Compressed Oops mode in which the Java heap is
#     placed in the first 32GB address space. The Java Heap base address is the
#     maximum limit for the native heap growth. Please use -XX:HeapBaseMinAddress
#     to set the Java Heap base and to place the Java Heap above 32GB virtual address.
# This output file may be truncated or incomplete.
#
#  Out of Memory Error (./open/src/hotspot/os/windows/os_windows.cpp:3472), pid=10124, tid=10764
#
# JRE version:  (15.0+36) (build )
# Java VM: OpenJDK 64-Bit Server VM (15+36-1562, mixed mode, sharing, tiered, compressed oops, g1 gc, windows-amd64)
# No core dump will be written. Minidumps are not enabled by default on client versions of Windows
#

---------------  S U M M A R Y ------------

Command Line: -XX:TieredStopAtLevel=1 -Xverify:none -Dspring.output.ansi.enabled=always -Dcom.sun.management.jmxremote -Dspring.jmx.enabled=true -Dspring.liveBeansView.mbeanDomain -Dspring.application.admin.enabled=true -javaagent:C:\Program Files\JetBrains\IntelliJ IDEA 2020.2.2\lib\idea_rt.jar=61359:C:\Program Files\JetBrains\IntelliJ IDEA 2020.2.2\bin -Dfile.encoding=UTF-8 robic.tomislav.algebrahotel.algebrahotel.AlgebraHotelApplication

Host: AMD Ryzen 5 3600 6-Core Processor              , 12 cores, 31G,  Windows 10 , 64 bit Build 19041 (10.0.19041.292)
Time: Thu Nov 12 23:31:16 2020 Central European Standard Time elapsed time: 0.010248 seconds (0d 0h 0m 0s)

---------------  T H R E A D  ---------------

Current thread (0x0000018728cb9600):  JavaThread "Unknown thread" [_thread_in_vm, id=10764, stack(0x000000433eb00000,0x000000433ec00000)]

Stack: [0x000000433eb00000,0x000000433ec00000]
Native frames: (J=compiled Java code, j=interpreted, Vv=VM code, C=native code)
V  [jvm.dll+0x629eaa]
V  [jvm.dll+0x780379]
V  [jvm.dll+0x781ad3]
V  [jvm.dll+0x782133]
V  [jvm.dll+0x2159d5]
V  [jvm.dll+0x627299]
V  [jvm.dll+0x61bdd5]
V  [jvm.dll+0x2cf96d]
V  [jvm.dll+0x2cf7d2]
V  [jvm.dll+0x2d57ac]
V  [jvm.dll+0x32523a]
V  [jvm.dll+0x324904]
V  [jvm.dll+0x2a68ea]
V  [jvm.dll+0x2a7a88]
V  [jvm.dll+0x75d0f1]
V  [jvm.dll+0x333af4]
V  [jvm.dll+0x73d816]
V  [jvm.dll+0x3b68e7]
V  [jvm.dll+0x3b8371]
C  [jli.dll+0x52fb]
C  [ucrtbase.dll+0x21542]
C  [KERNEL32.DLL+0x16fd4]
C  [ntdll.dll+0x4cec1]


---------------  P R O C E S S  ---------------

Threads class SMR info:
_java_thread_list=0x00007ffafb5b2fa0, length=0, elements={
}

Java Threads: ( => current thread )

Other Threads:
  0x0000018728d319d0 GCTaskThread "GC Thread#0" [stack: 0x000000433ec00000,0x000000433ed00000] [id=10380]
  0x0000018728d42b30 ConcurrentGCThread "G1 Main Marker" [stack: 0x000000433ed00000,0x000000433ee00000] [id=15116]
  0x0000018728d44de0 ConcurrentGCThread "G1 Conc#0" [stack: 0x000000433ee00000,0x000000433ef00000] [id=16368]

[error occurred during error reporting (printing all threads), id 0xc0000005, EXCEPTION_ACCESS_VIOLATION (0xc0000005) at pc=0x00007ffafada77b7]

VM state: not at safepoint (not fully initialized)

VM Mutex/Monitor currently owned by a thread:  ([mutex/lock_event])
[0x0000018728cb4a10] Heap_lock - owner thread: 0x0000018728cb9600

Heap address: 0x0000000601000000, size: 8176 MB, Compressed Oops mode: Zero based, Oop shift amount: 3
CDS archive(s) mapped at: [0x0000000000000000-0x0000000000000000-0x0000000000000000), size 0, SharedBaseAddress: 0x0000000800000000, ArchiveRelocationMode: 0.
Narrow klass base: 0x0000000000000000, Narrow klass shift: 0, Narrow klass range: 0x0

Heap:
 garbage-first heap   total 524288K, used 0K [0x0000000601000000, 0x0000000800000000)
  region size 4096K, 0 young (0K), 0 survivors (0K)
 Metaspace       used 0K, capacity 0K, committed 0K, reserved 0K
  class space    used 0K, capacity 0K, committed 0K, reserved 0K

Heap Regions: E=young(eden), S=young(survivor), O=old, HS=humongous(starts), HC=humongous(continues), CS=collection set, F=free, OA=open archive, CA=closed archive, TAMS=top-at-mark-start (previous, next)

Card table byte_map: [0x0000018741430000,0x0000018742430000] _byte_map_base: 0x000001873e428000

Marking Bits (Prev, Next): (CMBitMap*) 0x0000018728d32150, (CMBitMap*) 0x0000018728d32190
 Prev Bits: [0x0000018743430000, 0x000001874b3f0000)
 Next Bits: [0x000001874b3f0000, 0x00000187533b0000)

GC Heap History (0 events):
No events

Deoptimization events (0 events):
No events

Classes unloaded (0 events):
No events

Classes redefined (0 events):
No events

Internal exceptions (0 events):
No events

Events (1 events):
Event: 0.004 Loaded shared library C:\Users\Tomi\.jdks\openjdk-15\bin\java.dll


Dynamic libraries:
0x00007ff7b7a00000 - 0x00007ff7b7a0d000 	C:\Users\Tomi\.jdks\openjdk-15\bin\java.exe
0x00007ffb85d70000 - 0x00007ffb85f65000 	C:\Windows\SYSTEM32\ntdll.dll
0x00007ffb855c0000 - 0x00007ffb8567d000 	C:\Windows\System32\KERNEL32.DLL
0x00007ffb837a0000 - 0x00007ffb83a67000 	C:\Windows\System32\KERNELBASE.dll
0x00007ffb836a0000 - 0x00007ffb837a0000 	C:\Windows\System32\ucrtbase.dll
0x00007ffb76fe0000 - 0x00007ffb76ff8000 	C:\Users\Tomi\.jdks\openjdk-15\bin\jli.dll
0x00007ffb77730000 - 0x00007ffb77749000 	C:\Users\Tomi\.jdks\openjdk-15\bin\VCRUNTIME140.dll
0x00007ffb853c0000 - 0x00007ffb85560000 	C:\Windows\System32\USER32.dll
0x00007ffb709f0000 - 0x00007ffb70c8a000 	C:\Windows\WinSxS\amd64_microsoft.windows.common-controls_6595b64144ccf1df_6.0.19041.1_none_b555e41d4684ddec\COMCTL32.dll
0x00007ffb834c0000 - 0x00007ffb834e2000 	C:\Windows\System32\win32u.dll
0x00007ffb85680000 - 0x00007ffb8571e000 	C:\Windows\System32\msvcrt.dll
0x00007ffb859c0000 - 0x00007ffb859ea000 	C:\Windows\System32\GDI32.dll
0x00007ffb834f0000 - 0x00007ffb835fa000 	C:\Windows\System32\gdi32full.dll
0x00007ffb83600000 - 0x00007ffb8369d000 	C:\Windows\System32\msvcp_win.dll
0x00007ffb843a0000 - 0x00007ffb843d0000 	C:\Windows\System32\IMM32.DLL
0x00007ffb7f3d0000 - 0x00007ffb7f3dc000 	C:\Users\Tomi\.jdks\openjdk-15\bin\vcruntime140_1.dll
0x00007ffb1fd40000 - 0x00007ffb1fdd1000 	C:\Users\Tomi\.jdks\openjdk-15\bin\msvcp140.dll
0x00007ffafaaf0000 - 0x00007ffafb64c000 	C:\Users\Tomi\.jdks\openjdk-15\bin\server\jvm.dll
0x00007ffb85b50000 - 0x00007ffb85bfa000 	C:\Windows\System32\ADVAPI32.dll
0x00007ffb83de0000 - 0x00007ffb83e7b000 	C:\Windows\System32\sechost.dll
0x00007ffb84e80000 - 0x00007ffb84fa3000 	C:\Windows\System32\RPCRT4.dll
0x00007ffb859f0000 - 0x00007ffb859f8000 	C:\Windows\System32\PSAPI.DLL
0x00007ffb708d0000 - 0x00007ffb708d9000 	C:\Windows\SYSTEM32\WSOCK32.dll
0x00007ffb78770000 - 0x00007ffb78797000 	C:\Windows\SYSTEM32\WINMM.dll
0x00007ffb7dda0000 - 0x00007ffb7ddaa000 	C:\Windows\SYSTEM32\VERSION.dll
0x00007ffb85720000 - 0x00007ffb8578b000 	C:\Windows\System32\WS2_32.dll
0x00007ffb81460000 - 0x00007ffb81473000 	C:\Windows\SYSTEM32\kernel.appcore.dll
0x00007ffb79ed0000 - 0x00007ffb79eda000 	C:\Users\Tomi\.jdks\openjdk-15\bin\jimage.dll
0x00007ffb6d120000 - 0x00007ffb6d304000 	C:\Windows\SYSTEM32\DBGHELP.DLL
0x00007ffb66c10000 - 0x00007ffb66c3c000 	C:\Windows\SYSTEM32\dbgcore.DLL
0x00007ffb83ce0000 - 0x00007ffb83d5f000 	C:\Windows\System32\bcryptPrimitives.dll
0x00007ffb7c650000 - 0x00007ffb7c65e000 	C:\Users\Tomi\.jdks\openjdk-15\bin\instrument.dll
0x00007ffb621f0000 - 0x00007ffb62215000 	C:\Users\Tomi\.jdks\openjdk-15\bin\java.dll

dbghelp: loaded successfully - version: 4.0.5 - missing functions: none
symbol engine: initialized successfully - sym options: 0x614 - pdb path: .;C:\Users\Tomi\.jdks\openjdk-15\bin;C:\Windows\SYSTEM32;C:\Windows\WinSxS\amd64_microsoft.windows.common-controls_6595b64144ccf1df_6.0.19041.1_none_b555e41d4684ddec;C:\Users\Tomi\.jdks\openjdk-15\bin\server

VM Arguments:
jvm_args: -XX:TieredStopAtLevel=1 -Xverify:none -Dspring.output.ansi.enabled=always -Dcom.sun.management.jmxremote -Dspring.jmx.enabled=true -Dspring.liveBeansView.mbeanDomain -Dspring.application.admin.enabled=true -javaagent:C:\Program Files\JetBrains\IntelliJ IDEA 2020.2.2\lib\idea_rt.jar=61359:C:\Program Files\JetBrains\IntelliJ IDEA 2020.2.2\bin -Dfile.encoding=UTF-8 
java_command: robic.tomislav.algebrahotel.algebrahotel.AlgebraHotelApplication
java_class_path (initial): F:\Algebra Diplomski\Java\algebra-hotel\target\classes;C:\Users\Tomi\.m2\repository\org\springframework\boot\spring-boot-starter-thymeleaf\2.4.0\spring-boot-starter-thymeleaf-2.4.0.jar;C:\Users\Tomi\.m2\repository\org\springframework\boot\spring-boot-starter\2.4.0\spring-boot-starter-2.4.0.jar;C:\Users\Tomi\.m2\repository\org\springframework\boot\spring-boot\2.4.0\spring-boot-2.4.0.jar;C:\Users\Tomi\.m2\repository\org\springframework\boot\spring-boot-autoconfigure\2.4.0\spring-boot-autoconfigure-2.4.0.jar;C:\Users\Tomi\.m2\repository\org\springframework\boot\spring-boot-starter-logging\2.4.0\spring-boot-starter-logging-2.4.0.jar;C:\Users\Tomi\.m2\repository\ch\qos\logback\logback-classic\1.2.3\logback-classic-1.2.3.jar;C:\Users\Tomi\.m2\repository\ch\qos\logback\logback-core\1.2.3\logback-core-1.2.3.jar;C:\Users\Tomi\.m2\repository\org\apache\logging\log4j\log4j-to-slf4j\2.13.3\log4j-to-slf4j-2.13.3.jar;C:\Users\Tomi\.m2\repository\org\apache\logging\log4j\log4j-api\2.13.3\log4j-api-2.13.3.jar;C:\Users\Tomi\.m2\repository\org\slf4j\jul-to-slf4j\1.7.30\jul-to-slf4j-1.7.30.jar;C:\Users\Tomi\.m2\repository\jakarta\annotation\jakarta.annotation-api\1.3.5\jakarta.annotation-api-1.3.5.jar;C:\Users\Tomi\.m2\repository\org\yaml\snakeyaml\1.27\snakeyaml-1.27.jar;C:\Users\Tomi\.m2\repository\org\thymeleaf\thymeleaf-spring5\3.0.11.RELEASE\thymeleaf-spring5-3.0.11.RELEASE.jar;C:\Users\Tomi\.m2\repository\org\thymeleaf\thymeleaf\3.0.11.RELEASE\thymeleaf-3.0.11.RELEASE.jar;C:\Users\Tomi\.m2\repository\org\attoparser\attoparser\2.0.5.RELEASE\attoparser-2.0.5.RELEASE.jar;C:\Users\Tomi\.m2\repository\org\unbescape\unbescape\1.1.6.RELEASE\unbescape-1.1.6.RELEASE.jar;C:\Users\Tomi\.m2\repository\org\slf4j\slf4j-api\1.7.30\slf4j-api-1.7.30.jar;C:\Users\Tomi\.m2\repository\org\thymeleaf\extras\thymeleaf-extras-java8time\3.0.4.RELEASE\thymeleaf-extras-java8time-3.0.4.RELEASE.jar;C:\Users\Tomi\.m2\repository\org\springframework\boot\spring-boot-starter-web\2.4
Launcher Type: SUN_STANDARD

[Global flags]
     intx CICompilerCount                          = 4                                         {product} {ergonomic}
     uint ConcGCThreads                            = 3                                         {product} {ergonomic}
     uint G1ConcRefinementThreads                  = 10                                        {product} {ergonomic}
   size_t G1HeapRegionSize                         = 4194304                                   {product} {ergonomic}
    uintx GCDrainStackTargetSize                   = 64                                        {product} {ergonomic}
   size_t InitialHeapSize                          = 536870912                                 {product} {ergonomic}
     bool ManagementServer                         = true                                      {product} {command line}
   size_t MarkStackSize                            = 4194304                                   {product} {ergonomic}
   size_t MaxHeapSize                              = 8573157376                                {product} {ergonomic}
   size_t MinHeapDeltaBytes                        = 4194304                                   {product} {ergonomic}
   size_t MinHeapSize                              = 8388608                                   {product} {ergonomic}
    uintx NonNMethodCodeHeapSize                   = 7549744                                {pd product} {ergonomic}
    uintx NonProfiledCodeHeapSize                  = 244108496                              {pd product} {ergonomic}
    uintx ProfiledCodeHeapSize                     = 0                                      {pd product} {ergonomic}
    uintx ReservedCodeCacheSize                    = 251658240                              {pd product} {ergonomic}
     bool SegmentedCodeCache                       = true                                      {product} {ergonomic}
   size_t SoftMaxHeapSize                          = 8573157376                             {manageable} {ergonomic}
     intx TieredStopAtLevel                        = 1                                         {product} {command line}
     bool UseCompressedClassPointers               = true                                 {lp64_product} {ergonomic}
     bool UseCompressedOops                        = true                                 {lp64_product} {ergonomic}
     bool UseG1GC                                  = true                                      {product} {ergonomic}
     bool UseLargePagesIndividualAllocation        = false                                  {pd product} {ergonomic}

Logging:
Log output configuration:
 #0: stdout all=warning uptime,level,tags
 #1: stderr all=off uptime,level,tags

Environment Variables:
JAVA_HOME=C:\Program Files\AdoptOpenJDK\jdk-8.0.252.09-hotspot\
PATH=C:\Program Files\AdoptOpenJDK\jdk-11.0.7.10-hotspot\bin;C:\Program Files\AdoptOpenJDK\jdk-8.0.252.09-hotspot\bin;C:\Program Files\AdoptOpenJDK\jre-8.0.252.09-hotspot\bin;C:\Windows\system32;C:\Windows;C:\Windows\System32\Wbem;C:\Windows\System32\WindowsPowerShell\v1.0\;C:\Windows\System32\OpenSSH\;C:\Program Files\Microsoft VS Code\bin;C:\Program Files (x86)\NVIDIA Corporation\PhysX\Common;C:\Program Files\NVIDIA Corporation\NVIDIA NvDLISR;C:\Program Files\dotnet\;C:\Program Files\Microsoft SQL Server\130\Tools\Binn\;C:\Program Files\Microsoft SQL Server\Client SDK\ODBC\170\Tools\Binn\;C:\Program Files\PuTTY\;C:\Program Files (x86)\Microsoft SQL Server\150\Tools\Binn\;C:\Program Files\Microsoft SQL Server\150\Tools\Binn\;C:\Program Files\Microsoft SQL Server\150\DTS\Binn\;C:\Program Files (x86)\Microsoft SQL Server\150\DTS\Binn\;C:\Program Files\Azure Data Studio\bin;C:\Program Files\Git\cmd;C:\Users\Tomi\AppData\Local\Microsoft\WindowsApps;;C:\Program Files\JetBrains\IntelliJ IDEA Community Edition 2020.2.2\bin;;C:\Program Files\JetBrains\IntelliJ IDEA 2020.2.2\bin;;C:\Program Files\Azure Data Studio\bin;C:\Program Files\heroku\bin
USERNAME=Tomi
OS=Windows_NT
PROCESSOR_IDENTIFIER=AMD64 Family 23 Model 113 Stepping 0, AuthenticAMD



---------------  S Y S T E M  ---------------

OS:
 Windows 10 , 64 bit Build 19041 (10.0.19041.292)
OS uptime: 5 days 0:56 hours

CPU: total 12 (initial active 12) (12 cores per cpu, 2 threads per core) family 23 model 113 stepping 0, cmov, cx8, fxsr, mmx, sse, sse2, sse3, ssse3, sse4.1, sse4.2, popcnt, vzeroupper, avx, avx2, aes, clmul, 3dnowpref, lzcnt, sse4a, ht, tsc, tscinvbit, tscinv, bmi1, bmi2, adx, sha, fma, clflush, clflushopt

Memory: 4k page, system-wide physical 32697M (16923M free)
TotalPageFile size 131001M (AvailPageFile size 199M)
current process WorkingSet (physical memory assigned to process): 10M, peak: 10M
current process commit charge ("private bytes"): 62M, peak: 574M

vm_info: OpenJDK 64-Bit Server VM (15+36-1562) for windows-amd64 JRE (15+36-1562), built on Aug 11 2020 22:33:04 by "mach5one" with unknown MS VC++:1925

END.
